0 info it worked if it ends with ok
1 verbose cli [ '/usr/local/bin/node', '/usr/local/bin/npm', 'start' ]
2 info using npm@3.10.5
3 info using node@v4.4.7
4 verbose run-script [ 'prestart', 'start', 'poststart' ]
5 info lifecycle dx32@1.0.0~prestart: dx32@1.0.0
6 silly lifecycle dx32@1.0.0~prestart: no script for prestart, continuing
7 info lifecycle dx32@1.0.0~start: dx32@1.0.0
8 verbose lifecycle dx32@1.0.0~start: unsafe-perm in lifecycle true
9 verbose lifecycle dx32@1.0.0~start: PATH: /usr/local/lib/node_modules/npm/bin/node-gyp-bin:/Volumes/hd2/sources/DX32/node_modules/.bin:/usr/local/bin:/usr/local/Cellar/ant/1.9.4/libexec/bin:/opt/android-ndk-r10c:/opt/android-sdk/tools:/opt/android-sdk/platform-tools:/opt/android-sdk:/Volumes/MacintoshHD/Users/alain/sources/cocos2d-x/templates:/Volumes/MacintoshHD/Users/alain/sources/cocos2d-x:/Volumes/MacintoshHD/Users/alain/sources/cocos2d-x/tools/cocos2d-console/bin:/Users/alain/.rvm/gems/ruby-2.1.0/bin:/Users/alain/.rvm/gems/ruby-2.1.0@global/bin:/Users/alain/.rvm/rubies/ruby-2.1.0/bin:/opt/local/bin:/opt/local/sbin:/Users/alain/.sm/bin:/Users/alain/.sm/pkg/active/bin:/Users/alain/.sm/pkg/active/sbin:/opt/local/lib/postgresql93/bin:/Library/Frameworks/Python.framework/Versions/2.7/bin:/usr/bin/pear/bin:/usr/bin:/Applications:~/shell:/usr/local/bin:/usr/bin:/bin:/usr/sbin:/sbin:/opt/X11/bin:/Users/alain/.rvm/bin
10 verbose lifecycle dx32@1.0.0~start: CWD: /Volumes/hd2/sources/DX32
11 silly lifecycle dx32@1.0.0~start: Args: [ '-c', 'node ./node_modules/.bin/webpack --watch' ]
12 silly lifecycle dx32@1.0.0~start: Returned: code: 1  signal: null
13 info lifecycle dx32@1.0.0~start: Failed to exec start script
14 verbose stack Error: dx32@1.0.0 start: `node ./node_modules/.bin/webpack --watch`
14 verbose stack Exit status 1
14 verbose stack     at EventEmitter.<anonymous> (/usr/local/lib/node_modules/npm/lib/utils/lifecycle.js:242:16)
14 verbose stack     at emitTwo (events.js:87:13)
14 verbose stack     at EventEmitter.emit (events.js:172:7)
14 verbose stack     at ChildProcess.<anonymous> (/usr/local/lib/node_modules/npm/lib/utils/spawn.js:40:14)
14 verbose stack     at emitTwo (events.js:87:13)
14 verbose stack     at ChildProcess.emit (events.js:172:7)
14 verbose stack     at maybeClose (internal/child_process.js:827:16)
14 verbose stack     at Process.ChildProcess._handle.onexit (internal/child_process.js:211:5)
15 verbose pkgid dx32@1.0.0
16 verbose cwd /Volumes/hd2/sources/DX32/src/interpreter
17 error Darwin 15.6.0
18 error argv "/usr/local/bin/node" "/usr/local/bin/npm" "start"
19 error node v4.4.7
20 error npm  v3.10.5
21 error code ELIFECYCLE
22 error dx32@1.0.0 start: `node ./node_modules/.bin/webpack --watch`
22 error Exit status 1
23 error Failed at the dx32@1.0.0 start script 'node ./node_modules/.bin/webpack --watch'.
23 error Make sure you have the latest version of node.js and npm installed.
23 error If you do, this is most likely a problem with the dx32 package,
23 error not with npm itself.
23 error Tell the author that this fails on your system:
23 error     node ./node_modules/.bin/webpack --watch
23 error You can get information on how to open an issue for this project with:
23 error     npm bugs dx32
23 error Or if that isn't available, you can get their info via:
23 error     npm owner ls dx32
23 error There is likely additional logging output above.
24 verbose exit [ 1, true ]
